<?xml version="1.0" encoding="UTF-8"?>
<robot generator="Robot 6.0.2 (Python 3.11.3 on win32)" generated="20230713 18:02:57.956" rpa="false" schemaversion="3">
<suite id="s1" name="01-rankingBrasileiro" source="C:\Users\Windows11\Documents\firstStepsRobotFramework\TestSuit\01-rankingBrasileiro.robot">
<test id="s1-t1" name="Test Case 01 - Open championship ranking of 2022" line="7">
<kw name="Given sports page is open" library="01-rankingBrasileiroBDD">
<kw name="Open Browser" library="SeleniumLibrary">
<arg>${TC01_URL}</arg>
<arg>${BROWSER}</arg>
<arg>options=add_experimental_option("detach", True)</arg>
<doc>Opens a new browser instance to the optional ``url``.</doc>
<msg timestamp="20230713 18:02:58.123" level="INFO">Opening browser 'chrome' to base url 'https://www.sofascore.com/pt/'.</msg>
<status status="PASS" starttime="20230713 18:02:58.123" endtime="20230713 18:03:02.320"/>
</kw>
<kw name="Maximize Browser Window" library="SeleniumLibrary">
<doc>Maximizes current browser window.</doc>
<status status="PASS" starttime="20230713 18:03:02.320" endtime="20230713 18:03:02.763"/>
</kw>
<kw name="Wait Until Page Contains Element" library="SeleniumLibrary">
<arg>${TC01_LOGO}</arg>
<arg>10</arg>
<doc>Waits until the element ``locator`` appears on the current page.</doc>
<status status="PASS" starttime="20230713 18:03:02.763" endtime="20230713 18:03:03.031"/>
</kw>
<kw name="Capture Page Screenshot" library="SeleniumLibrary">
<arg>.\\TC01\\01-sportspage.png</arg>
<doc>Takes a screenshot of the current page and embeds it into a log file.</doc>
<msg timestamp="20230713 18:03:03.308" level="INFO" html="true">&lt;/td&gt;&lt;/tr&gt;&lt;tr&gt;&lt;td colspan="3"&gt;&lt;a href="TC01/01-sportspage.png"&gt;&lt;img src="TC01/01-sportspage.png" width="800px"&gt;&lt;/a&gt;</msg>
<status status="PASS" starttime="20230713 18:03:03.031" endtime="20230713 18:03:03.308"/>
</kw>
<status status="PASS" starttime="20230713 18:02:58.122" endtime="20230713 18:03:03.308"/>
</kw>
<kw name="When search for &quot;Brasileiro&quot;" library="01-rankingBrasileiroBDD">
<kw name="Input Text" library="SeleniumLibrary">
<arg>${TC01_SEARCH_FIELD}</arg>
<arg>${TC01_SEARCH_WORD}</arg>
<doc>Types the given ``text`` into the text field identified by ``locator``.</doc>
<msg timestamp="20230713 18:03:03.310" level="INFO">Typing text 'Brasileiro' into text field '//input[contains(@type,'text')]'.</msg>
<status status="PASS" starttime="20230713 18:03:03.309" endtime="20230713 18:03:03.873"/>
</kw>
<kw name="Wait Until Page Contains Element" library="SeleniumLibrary">
<arg>${TC01_INSERTED_TEXT}</arg>
<arg>10</arg>
<doc>Waits until the element ``locator`` appears on the current page.</doc>
<status status="PASS" starttime="20230713 18:03:03.874" endtime="20230713 18:03:03.906"/>
</kw>
<kw name="Capture Page Screenshot" library="SeleniumLibrary">
<arg>.\\TC01\\02-search.png</arg>
<doc>Takes a screenshot of the current page and embeds it into a log file.</doc>
<msg timestamp="20230713 18:03:04.152" level="INFO" html="true">&lt;/td&gt;&lt;/tr&gt;&lt;tr&gt;&lt;td colspan="3"&gt;&lt;a href="TC01/02-search.png"&gt;&lt;img src="TC01/02-search.png" width="800px"&gt;&lt;/a&gt;</msg>
<status status="PASS" starttime="20230713 18:03:03.906" endtime="20230713 18:03:04.152"/>
</kw>
<status status="PASS" starttime="20230713 18:03:03.309" endtime="20230713 18:03:04.152"/>
</kw>
<kw name="And choose &quot;Serie A&quot; option" library="01-rankingBrasileiroBDD">
<kw name="Wait Until Page Contains Element" library="SeleniumLibrary">
<arg>${PC01_SERIE_A_CHAMP}</arg>
<arg>10</arg>
<doc>Waits until the element ``locator`` appears on the current page.</doc>
<status status="PASS" starttime="20230713 18:03:04.153" endtime="20230713 18:03:04.268"/>
</kw>
<kw name="Click Element" library="SeleniumLibrary">
<arg>${PC01_SERIE_A_CHAMP}</arg>
<doc>Click the element identified by ``locator``.</doc>
<msg timestamp="20230713 18:03:04.269" level="INFO">Clicking element '//div[1]/div/div/div[2]/div/div/div/div[1]/div[1]/a/div'.</msg>
<status status="PASS" starttime="20230713 18:03:04.268" endtime="20230713 18:03:04.398"/>
</kw>
<kw name="Wait Until Page Contains" library="SeleniumLibrary">
<arg>Classificações</arg>
<doc>Waits until ``text`` appears on the current page.</doc>
<status status="PASS" starttime="20230713 18:03:04.399" endtime="20230713 18:03:04.432"/>
</kw>
<kw name="Capture Page Screenshot" library="SeleniumLibrary">
<arg>.\\TC01\\03-atualChampionship.png</arg>
<doc>Takes a screenshot of the current page and embeds it into a log file.</doc>
<msg timestamp="20230713 18:03:05.013" level="INFO" html="true">&lt;/td&gt;&lt;/tr&gt;&lt;tr&gt;&lt;td colspan="3"&gt;&lt;a href="TC01/03-atualChampionship.png"&gt;&lt;img src="TC01/03-atualChampionship.png" width="800px"&gt;&lt;/a&gt;</msg>
<status status="PASS" starttime="20230713 18:03:04.432" endtime="20230713 18:03:05.013"/>
</kw>
<status status="PASS" starttime="20230713 18:03:04.153" endtime="20230713 18:03:05.014"/>
</kw>
<kw name="And select the year 2022" library="01-rankingBrasileiroBDD">
<kw name="Wait Until Page Contains Element" library="SeleniumLibrary">
<arg>${PC_01_SELECT_YEAR}</arg>
<arg>10</arg>
<doc>Waits until the element ``locator`` appears on the current page.</doc>
<status status="PASS" starttime="20230713 18:03:05.014" endtime="20230713 18:03:05.343"/>
</kw>
<kw name="Click Element" library="SeleniumLibrary">
<arg>${PC_01_SELECT_YEAR}</arg>
<doc>Click the element identified by ``locator``.</doc>
<msg timestamp="20230713 18:03:05.344" level="INFO">Clicking element '//div[1]/div[1]/div[1]/div[2]/div[2]/div[1]/div[2]/div/div/button'.</msg>
<status status="PASS" starttime="20230713 18:03:05.343" endtime="20230713 18:03:06.627"/>
</kw>
<kw name="Wait Until Page Contains Element" library="SeleniumLibrary">
<arg>${PC_01_CHOICE_YEAR}</arg>
<arg>10</arg>
<doc>Waits until the element ``locator`` appears on the current page.</doc>
<status status="PASS" starttime="20230713 18:03:06.627" endtime="20230713 18:03:06.831"/>
</kw>
<kw name="Click Element" library="SeleniumLibrary">
<arg>${PC_01_CHOICE_YEAR}</arg>
<doc>Click the element identified by ``locator``.</doc>
<msg timestamp="20230713 18:03:06.832" level="INFO">Clicking element '//li[@role='option'][contains(.,'2022')]'.</msg>
<status status="PASS" starttime="20230713 18:03:06.831" endtime="20230713 18:03:07.293"/>
</kw>
<status status="PASS" starttime="20230713 18:03:05.014" endtime="20230713 18:03:07.293"/>
</kw>
<kw name="Then 2022 championship ranking is displayed" library="01-rankingBrasileiroBDD">
<kw name="Wait Until Page Contains" library="SeleniumLibrary">
<arg>2022</arg>
<doc>Waits until ``text`` appears on the current page.</doc>
<status status="PASS" starttime="20230713 18:03:07.294" endtime="20230713 18:03:07.441"/>
</kw>
<kw name="Capture Page Screenshot" library="SeleniumLibrary">
<arg>.\\TC01\\04-2022Championship.png</arg>
<doc>Takes a screenshot of the current page and embeds it into a log file.</doc>
<msg timestamp="20230713 18:03:07.791" level="INFO" html="true">&lt;/td&gt;&lt;/tr&gt;&lt;tr&gt;&lt;td colspan="3"&gt;&lt;a href="TC01/04-2022Championship.png"&gt;&lt;img src="TC01/04-2022Championship.png" width="800px"&gt;&lt;/a&gt;</msg>
<status status="PASS" starttime="20230713 18:03:07.441" endtime="20230713 18:03:07.791"/>
</kw>
<status status="PASS" starttime="20230713 18:03:07.294" endtime="20230713 18:03:07.791"/>
</kw>
<status status="PASS" starttime="20230713 18:02:58.122" endtime="20230713 18:03:07.793"/>
</test>
<status status="PASS" starttime="20230713 18:02:57.957" endtime="20230713 18:03:07.795"/>
</suite>
<statistics>
<total>
<stat pass="1" fail="0" skip="0">All Tests</stat>
</total>
<tag>
</tag>
<suite>
<stat pass="1" fail="0" skip="0" id="s1" name="01-rankingBrasileiro">01-rankingBrasileiro</stat>
</suite>
</statistics>
<errors>
</errors>
</robot>
